<?xml version="1.0" encoding="UTF-8"?>
<!-- Generated by org.testng.reporters.JUnitXMLReporter -->
<testsuite ignored="0" hostname="DESKTOP-8H0KD1B" failures="1" tests="1" name="Test4" time="5.005" errors="0" timestamp="2022-09-02T00:26:54 MDT">
  <testcase classname="parameterization_testng.xml_file.Parameterization_Child4" name="clickOnSignin" time="0.0">
    <failure type="org.testng.TestNGException" message="
Parameter &amp;apos; Browser&amp;apos; is required by @Test on method clickOnSignin but has not been marked @Optional or defined
in C:\Users\Mahil\eclipse-workspace\Maven_Project\testng_parameterization_parent_child.xml">
      <![CDATA[org.testng.TestNGException: 
Parameter ' Browser' is required by @Test on method clickOnSignin but has not been marked @Optional or defined
in C:\Users\Mahil\eclipse-workspace\Maven_Project\testng_parameterization_parent_child.xml
at java.base/java.util.ArrayList.forEach(ArrayList.java:1511)
... Removed 26 stack frames]]>
    </failure>
  </testcase> <!-- clickOnSignin -->
</testsuite> <!-- Test4 -->
